# JRE version: Java(TM) SE Runtime Environment (8.0_144-b01) (build 1.8.0_144-b01)
# Java VM: Java HotSpot(TM) 64-Bit Server VM (25.144-b01 mixed mode windows-amd64 compressed oops)
Heap:
 PSYoungGen      total 68096K, used 29378K [0x00000000eb400000, 0x00000000f4500000, 0x0000000100000000)
  eden space 65536K, 44% used [0x00000000eb400000,0x00000000ed0b0b78,0x00000000ef400000)
  from space 2560K, 0% used [0x00000000ef400000,0x00000000ef400000,0x00000000ef680000)
  to   space 8704K, 0% used [0x00000000f3c80000,0x00000000f3c80000,0x00000000f4500000)
 ParOldGen       total 34816K, used 10747K [0x00000000c1c00000, 0x00000000c3e00000, 0x00000000eb400000)
  object space 34816K, 30% used [0x00000000c1c00000,0x00000000c267ecb0,0x00000000c3e00000)
 Metaspace       used 23254K, capacity 23540K, committed 23808K, reserved 1071104K
  class space    used 2899K, capacity 2989K, committed 3072K, reserved 1048576K
GC Heap History (10 events):
Event: 26.701 GC heap before
{Heap before GC invocations=2 (full 0):
 PSYoungGen      total 18944K, used 18912K [0x00000000eb400000, 0x00000000ed900000, 0x0000000100000000)
  eden space 16384K, 100% used [0x00000000eb400000,0x00000000ec400000,0x00000000ec400000)
  from space 2560K, 98% used [0x00000000ec400000,0x00000000ec6781d8,0x00000000ec680000)
  to   space 2560K, 0% used [0x00000000ed680000,0x00000000ed680000,0x00000000ed900000)
 ParOldGen       total 44032K, used 316K [0x00000000c1c00000, 0x00000000c4700000, 0x00000000eb400000)
  object space 44032K, 0% used [0x00000000c1c00000,0x00000000c1c4f278,0x00000000c4700000)
 Metaspace       used 8668K, capacity 8776K, committed 8832K, reserved 1056768K
  class space    used 1067K, capacity 1110K, committed 1152K, reserved 1048576K
Event: 27.152 GC heap after
Heap after GC invocations=2 (full 0):
 PSYoungGen      total 35328K, used 2528K [0x00000000eb400000, 0x00000000ed900000, 0x0000000100000000)
  eden space 32768K, 0% used [0x00000000eb400000,0x00000000eb400000,0x00000000ed400000)
  from space 2560K, 98% used [0x00000000ed680000,0x00000000ed8f8060,0x00000000ed900000)
  to   space 2560K, 0% used [0x00000000ed400000,0x00000000ed400000,0x00000000ed680000)
 ParOldGen       total 44032K, used 1255K [0x00000000c1c00000, 0x00000000c4700000, 0x00000000eb400000)
  object space 44032K, 2% used [0x00000000c1c00000,0x00000000c1d39ec8,0x00000000c4700000)
 Metaspace       used 8668K, capacity 8776K, committed 8832K, reserved 1056768K
  class space    used 1067K, capacity 1110K, committed 1152K, reserved 1048576K
}
Event: 28.792 GC heap before
{Heap before GC invocations=3 (full 0):
 PSYoungGen      total 35328K, used 35296K [0x00000000eb400000, 0x00000000ed900000, 0x0000000100000000)
  eden space 32768K, 100% used [0x00000000eb400000,0x00000000ed400000,0x00000000ed400000)
  from space 2560K, 98% used [0x00000000ed680000,0x00000000ed8f8060,0x00000000ed900000)
  to   space 2560K, 0% used [0x00000000ed400000,0x00000000ed400000,0x00000000ed680000)
 ParOldGen       total 44032K, used 1255K [0x00000000c1c00000, 0x00000000c4700000, 0x00000000eb400000)
  object space 44032K, 2% used [0x00000000c1c00000,0x00000000c1d39ec8,0x00000000c4700000)
 Metaspace       used 13350K, capacity 13416K, committed 13568K, reserved 1060864K
  class space    used 1689K, capacity 1718K, committed 1792K, reserved 1048576K
Event: 28.823 GC heap after
Heap after GC invocations=3 (full 0):
 PSYoungGen      total 35328K, used 2544K [0x00000000eb400000, 0x00000000ef900000, 0x0000000100000000)
  eden space 32768K, 0% used [0x00000000eb400000,0x00000000eb400000,0x00000000ed400000)
  from space 2560K, 99% used [0x00000000ed400000,0x00000000ed67c030,0x00000000ed680000)
  to   space 2560K, 0% used [0x00000000ef680000,0x00000000ef680000,0x00000000ef900000)
 ParOldGen       total 44032K, used 5107K [0x00000000c1c00000, 0x00000000c4700000, 0x00000000eb400000)
  object space 44032K, 11% used [0x00000000c1c00000,0x00000000c20fcc48,0x00000000c4700000)
 Metaspace       used 13350K, capacity 13416K, committed 13568K, reserved 1060864K
  class space    used 1689K, capacity 1718K, committed 1792K, reserved 1048576K
}
Event: 30.213 GC heap before
{Heap before GC invocations=4 (full 0):
 PSYoungGen      total 35328K, used 35312K [0x00000000eb400000, 0x00000000ef900000, 0x0000000100000000)
  eden space 32768K, 100% used [0x00000000eb400000,0x00000000ed400000,0x00000000ed400000)
  from space 2560K, 99% used [0x00000000ed400000,0x00000000ed67c030,0x00000000ed680000)
  to   space 2560K, 0% used [0x00000000ef680000,0x00000000ef680000,0x00000000ef900000)
 ParOldGen       total 44032K, used 5107K [0x00000000c1c00000, 0x00000000c4700000, 0x00000000eb400000)
  object space 44032K, 11% used [0x00000000c1c00000,0x00000000c20fcc48,0x00000000c4700000)
 Metaspace       used 17392K, capacity 17576K, committed 17920K, reserved 1064960K
  class space    used 2153K, capacity 2214K, committed 2304K, reserved 1048576K
Event: 30.298 GC heap after
Heap after GC invocations=4 (full 0):
 PSYoungGen      total 68096K, used 2528K [0x00000000eb400000, 0x00000000ef900000, 0x0000000100000000)
  eden space 65536K, 0% used [0x00000000eb400000,0x00000000eb400000,0x00000000ef400000)
  from space 2560K, 98% used [0x00000000ef680000,0x00000000ef8f8060,0x00000000ef900000)
  to   space 2560K, 0% used [0x00000000ef400000,0x00000000ef400000,0x00000000ef680000)
 ParOldGen       total 44032K, used 9446K [0x00000000c1c00000, 0x00000000c4700000, 0x00000000eb400000)
  object space 44032K, 21% used [0x00000000c1c00000,0x00000000c25399d8,0x00000000c4700000)
 Metaspace       used 17392K, capacity 17576K, committed 17920K, reserved 1064960K
  class space    used 2153K, capacity 2214K, committed 2304K, reserved 1048576K
}
Event: 31.861 GC heap before
{Heap before GC invocations=5 (full 0):
 PSYoungGen      total 68096K, used 37866K [0x00000000eb400000, 0x00000000ef900000, 0x0000000100000000)
  eden space 65536K, 53% used [0x00000000eb400000,0x00000000ed6828a0,0x00000000ef400000)
  from space 2560K, 98% used [0x00000000ef680000,0x00000000ef8f8060,0x00000000ef900000)
  to   space 2560K, 0% used [0x00000000ef400000,0x00000000ef400000,0x00000000ef680000)
 ParOldGen       total 44032K, used 9446K [0x00000000c1c00000, 0x00000000c4700000, 0x00000000eb400000)
  object space 44032K, 21% used [0x00000000c1c00000,0x00000000c25399d8,0x00000000c4700000)
 Metaspace       used 21029K, capacity 21216K, committed 21296K, reserved 1069056K
  class space    used 2608K, capacity 2663K, committed 2688K, reserved 1048576K
Event: 31.989 GC heap after
Heap after GC invocations=5 (full 0):
 PSYoungGen      total 68096K, used 2529K [0x00000000eb400000, 0x00000000f4500000, 0x0000000100000000)
  eden space 65536K, 0% used [0x00000000eb400000,0x00000000eb400000,0x00000000ef400000)
  from space 2560K, 98% used [0x00000000ef400000,0x00000000ef678540,0x00000000ef680000)
  to   space 8704K, 0% used [0x00000000f3c80000,0x00000000f3c80000,0x00000000f4500000)
 ParOldGen       total 44032K, used 13350K [0x00000000c1c00000, 0x00000000c4700000, 0x00000000eb400000)
  object space 44032K, 30% used [0x00000000c1c00000,0x00000000c2909a08,0x00000000c4700000)
 Metaspace       used 21029K, capacity 21216K, committed 21296K, reserved 1069056K
  class space    used 2608K, capacity 2663K, committed 2688K, reserved 1048576K
}
Event: 31.989 GC heap before
{Heap before GC invocations=6 (full 1):
 PSYoungGen      total 68096K, used 2529K [0x00000000eb400000, 0x00000000f4500000, 0x0000000100000000)
  eden space 65536K, 0% used [0x00000000eb400000,0x00000000eb400000,0x00000000ef400000)
  from space 2560K, 98% used [0x00000000ef400000,0x00000000ef678540,0x00000000ef680000)
  to   space 8704K, 0% used [0x00000000f3c80000,0x00000000f3c80000,0x00000000f4500000)
 ParOldGen       total 44032K, used 13350K [0x00000000c1c00000, 0x00000000c4700000, 0x00000000eb400000)
  object space 44032K, 30% used [0x00000000c1c00000,0x00000000c2909a08,0x00000000c4700000)
 Metaspace       used 21029K, capacity 21216K, committed 21296K, reserved 1069056K
  class space    used 2608K, capacity 2663K, committed 2688K, reserved 1048576K
Event: 32.244 GC heap after
Heap after GC invocations=6 (full 1):
 PSYoungGen      total 68096K, used 0K [0x00000000eb400000, 0x00000000f4500000, 0x0000000100000000)
  eden space 65536K, 0% used [0x00000000eb400000,0x00000000eb400000,0x00000000ef400000)
  from space 2560K, 0% used [0x00000000ef400000,0x00000000ef400000,0x00000000ef680000)
  to   space 8704K, 0% used [0x00000000f3c80000,0x00000000f3c80000,0x00000000f4500000)
 ParOldGen       total 34816K, used 10747K [0x00000000c1c00000, 0x00000000c3e00000, 0x00000000eb400000)
  object space 34816K, 30% used [0x00000000c1c00000,0x00000000c267ecb0,0x00000000c3e00000)
 Metaspace       used 21029K, capacity 21216K, committed 21296K, reserved 1069056K
  class space    used 2608K, capacity 2663K, committed 2688K, reserved 1048576K
}

